<?xml version="1.0" encoding="UTF-8"?>
<beans xmlns="http://www.springframework.org/schema/beans"
       xmlns:xsi="http://www.w3.org/2001/XMLSchema-instance"
       xmlns:context="http://www.springframework.org/schema/context"
       xmlns:tx="http://www.springframework.org/schema/tx"
              xmlns:aop="http://www.springframework.org/schema/aop"
       xsi:schemaLocation="http://www.springframework.org/schema/beans
                           http://www.springframework.org/schema/beans/spring-beans.xsd
                           http://www.springframework.org/schema/mvc
                           http://www.springframework.org/schema/mvc/spring-mvc.xsd
                           http://www.springframework.org/schema/tx 
                           http://www.springframework.org/schema/tx/spring-tx-3.0.xsd
                           http://www.springframework.org/schema/context
                           http://www.springframework.org/schema/context/spring-context.xsd
       http://www.springframework.org/schema/aop http://www.springframework.org/schema/aop/spring-aop-3.2.xsd"> 

    <!-- Bean definitions go here -->
     <tx:annotation-driven/>

    <context:component-scan base-package="com.sg.library.dao" />
    <bean id="dataSource"
          class="org.apache.commons.dbcp2.BasicDataSource">
        <property name="driverClassName" value="com.mysql.jdbc.Driver"/>
        <property name="url" value="jdbc:mysql://localhost:3306/PearlDiver_Test"/>
        <property name="username" value="root"/>
        <property name="password" value="root"/>
        <property name="initialSize" value="5"/>
        <property name="maxTotal" value="10"/>
    </bean>

    <bean id="transactionManager"
      class="org.springframework.jdbc.datasource.DataSourceTransactionManager">
        <property name="dataSource" ref="dataSource"/>
    </bean>

    <bean id="jdbcTemplate"
          class="org.springframework.jdbc.core.JdbcTemplate">
        <property name="dataSource" ref="dataSource"/>
    </bean>
    
    <bean id="imageDao" class="com.tsguild.jackfontaneauxpearlrecovery.dao.JackFontaneauxImageDaoDbImpl">
        <property name="jdbcTemplate" ref="jdbcTemplate"/>
    </bean>
    
    <bean id="postDao" class="com.tsguild.jackfontaneauxpearlrecovery.dao.JackFontaneauxPostDaoDbImpl">
        <property name="jdbcTemplate" ref="jdbcTemplate"/>
    </bean>
    
    <bean id="staticPageDao" class="com.tsguild.jackfontaneauxpearlrecovery.dao.JackFontaneauxStaticPageDaoDbImpl">
        <property name="jdbcTemplate" ref="jdbcTemplate"/>
    </bean>
    
    <bean id="tagDao" class="com.tsguild.jackfontaneauxpearlrecovery.dao.JackFontaneauxTagDaoDbImpl">
        <property name="jdbcTemplate" ref="jdbcTemplate"/>
    </bean>
    
    <bean id="userDao" class="com.tsguild.jackfontaneauxpearlrecovery.dao.JackFontaneauxUserDaoDbImpl">
        <property name="jdbcTemplate" ref="jdbcTemplate"/>
    </bean>
    
    <bean id="categoryDao" class="com.tsguild.jackfontaneauxpearlrecovery.dao.JackFontaneauxCategoryDaoDbImpl">
        <property name="jdbcTemplate" ref="jdbcTemplate"/>
    </bean>
    
    <bean id="commentDao" class="com.tsguild.jackfontaneauxpearlrecovery.dao.JackFontaneauxCommentDaoDbImpl">
        <property name="jdbcTemplate" ref="jdbcTemplate"/>
    </bean>
    
    <bean id="categoryServiceLayer" class="com.tsguild.jackfontaneauxpearlrecovery.service.JFoCategoryServiceLayerImpl">
        <property name="categoryDao" ref="categoryDao"/>
    </bean>
    
    <bean id="commentServiceLayer" class="com.tsguild.jackfontaneauxpearlrecovery.service.JFoCommentServiceLayerImpl">
        <property name="commentDao" ref="commentDao"/>
    </bean>
    
    <bean id="userServiceLayer" class="com.tsguild.jackfontaneauxpearlrecovery.service.JFoUserServiceLayerImpl">
        <property name="userDao" ref="userDao"/>
    </bean>
    
    <bean id="tagServiceLayer" class="com.tsguild.jackfontaneauxpearlrecovery.service.JFoTagServiceLayerImpl">
        <property name="tagDao" ref="tagDao"/>
    </bean>
    
    <bean id="staticPageServiceLayer" class="com.tsguild.jackfontaneauxpearlrecovery.service.JFoStaticPageServiceLayerImpl">
        <property name="staticPageDao" ref="staticPageDao"/>
    </bean>
    
    <bean id="postServiceLayer" class="com.tsguild.jackfontaneauxpearlrecovery.service.JFoPostServiceLayerImpl">
        <property name="postDao" ref="postDao"/>
    </bean>
    
    <bean id="imageServiceLayer" class="com.tsguild.jackfontaneauxpearlrecovery.service.JFoImageServiceLayerImpl">
        <property name="imageDao" ref="imageDao"/>
    </bean>
    
    <bean id="searchServiceLayer" class="com.tsguild.jackfontaneauxpearlrecovery.service.JFoSearchServiceLayerImpl">
        <property name="catDao" ref="categoryDao"/>
        <property name="pageDao" ref="staticPageDao"/>
        <property name="postDao" ref="postDao"/>
        <property name="tagDao" ref="tagDao"/>
    </bean>
    
</beans>
